c:\users\lean1\desktop\programaciondegraficos2_clase1\enginedll\debug\vc141.pdb
c:\users\lean1\desktop\programaciondegraficos2_clase1\enginedll\debug\vc141.idb
c:\users\lean1\desktop\programaciondegraficos2_clase1\enginedll\debug\window.obj
c:\users\lean1\desktop\programaciondegraficos2_clase1\enginedll\debug\renderer.obj
c:\users\lean1\desktop\programaciondegraficos2_clase1\enginedll\debug\gamebase.obj
c:\users\lean1\desktop\programaciondegraficos2_clase1\enginedll\debug\material.obj
c:\users\lean1\desktop\programaciondegraficos2_clase1\enginedll\debug\entity.obj
c:\users\lean1\desktop\programaciondegraficos2_clase1\enginedll\debug\triangle.obj
c:\users\lean1\desktop\programaciondegraficos2_clase1\debug\enginedll.lib
c:\users\lean1\desktop\programaciondegraficos2_clase1\debug\enginedll.exp
c:\users\lean1\desktop\programaciondegraficos2_clase1\debug\enginedll.dll
c:\users\lean1\desktop\programaciondegraficos2_clase1\debug\enginedll.ilk
c:\users\lean1\desktop\programaciondegraficos2_clase1\debug\enginedll.pdb
c:\users\lean1\desktop\programaciondegraficos2_clase1\enginedll\debug\enginedll.tlog\cl.command.1.tlog
c:\users\lean1\desktop\programaciondegraficos2_clase1\enginedll\debug\enginedll.tlog\cl.read.1.tlog
c:\users\lean1\desktop\programaciondegraficos2_clase1\enginedll\debug\enginedll.tlog\cl.write.1.tlog
c:\users\lean1\desktop\programaciondegraficos2_clase1\enginedll\debug\enginedll.tlog\enginedll.write.1u.tlog
c:\users\lean1\desktop\programaciondegraficos2_clase1\enginedll\debug\enginedll.tlog\link.12948.delete.1.tlog
c:\users\lean1\desktop\programaciondegraficos2_clase1\enginedll\debug\enginedll.tlog\link.16768.delete.1.tlog
c:\users\lean1\desktop\programaciondegraficos2_clase1\enginedll\debug\enginedll.tlog\link.24292.delete.1.tlog
c:\users\lean1\desktop\programaciondegraficos2_clase1\enginedll\debug\enginedll.tlog\link.30248.delete.1.tlog
c:\users\lean1\desktop\programaciondegraficos2_clase1\enginedll\debug\enginedll.tlog\link.4512.delete.1.tlog
c:\users\lean1\desktop\programaciondegraficos2_clase1\enginedll\debug\enginedll.tlog\link.command.1.tlog
c:\users\lean1\desktop\programaciondegraficos2_clase1\enginedll\debug\enginedll.tlog\link.read.1.tlog
c:\users\lean1\desktop\programaciondegraficos2_clase1\enginedll\debug\enginedll.tlog\link.write.1.tlog
